<?xml version="1.0" encoding="UTF-8"?>
<!-- Generated by org.testng.reporters.JUnitXMLReporter -->
<testsuite hostname="INLN50888725A" name="Bank manger login Test" tests="1" failures="0" timestamp="31 Oct 2016 13:34:36 GMT" time="0.016" errors="0">
  <testcase name="@BeforeSuite setUp" time="0.0" classname="testcases.LoginTest">
    <failure type="java.lang.NullPointerException">
      <![CDATA[java.lang.NullPointerException
	at base.BaseTest.setUp(BaseTest.java:42)
... Removed 18 stack frames]]>
    </failure>
  </testcase> <!-- @BeforeSuite setUp -->
  <testcase name="loginAsBankManagerTest" time="0.0" classname="testcases.LoginTest">
    <skipped/>
  </testcase> <!-- loginAsBankManagerTest -->
</testsuite> <!-- Bank manger login Test -->
